<?xml version="1.0" encoding="UTF-8"?>
<!-- Generated by org.testng.reporters.JUnitReportReporter -->
<testsuite hostname="CL-NB-650" name="tests.TestPageInicioSitio" tests="1" failures="0" timestamp="31 Aug 2020 22:03:22 GMT" time="18.087" errors="0">
  <testcase name="validarCtaBloqueda" time="18.087" classname="tests.TestPageInicioSitio"/>
</testsuite> <!-- tests.TestPageInicioSitio -->
